<?xml version="1.0" encoding="UTF-8"?>
<!-- Generated by org.testng.reporters.JUnitReportReporter -->
<testsuite hostname="DESKTOP-E65T190" failures="0" tests="1" name="testRestAssured.QueryParams" time="1.897" errors="0" timestamp="2022-08-23T14:22:02 PDT" skipped="0">
  <testcase classname="testRestAssured.QueryParams" name="test1" time="1.897"/>
  <system-out/>
</testsuite> <!-- testRestAssured.QueryParams -->
