<?xml version="1.0" encoding="UTF-8"?>
<!-- Generated by org.testng.reporters.JUnitReportReporter -->
<testsuite hostname="DESKTOP-E65T190" failures="0" tests="1" name="trainingOnRestAssured.postMethod" time="1.541" errors="0" timestamp="2022-08-30T08:01:49 PDT" skipped="0">
  <testcase classname="trainingOnRestAssured.postMethod" name="postCreateDSL" time="1.541"/>
  <system-out/>
</testsuite> <!-- trainingOnRestAssured.postMethod -->
