<?xml version="1.0" encoding="UTF-8"?>
<!-- Generated by org.testng.reporters.JUnitReportReporter -->
<testsuite hostname="Elizabeths-MacBook-Air-2.local" failures="0" tests="2" name="testRestAssured.ResponseBody" time="2.908" errors="0" timestamp="2022-08-18T13:47:13 PDT" skipped="0">
  <testcase classname="testRestAssured.ResponseBody" name="test1" time="1.983"/>
  <system-out/>
  <testcase classname="testRestAssured.ResponseBody" name="test2" time="0.925"/>
  <system-out/>
</testsuite> <!-- testRestAssured.ResponseBody -->
