<?xml version="1.0" encoding="UTF-8"?>
<!-- Generated by org.testng.reporters.JUnitReportReporter -->
<testsuite hostname="Elizabeths-MacBook-Air-2.local" failures="0" tests="1" name="testRestAssured.ResponseTest1" time="1.564" errors="0" timestamp="2022-08-17T12:49:29 PDT" skipped="0">
  <testcase classname="testRestAssured.ResponseTest1" name="test1" time="1.564"/>
  <system-out/>
</testsuite> <!-- testRestAssured.ResponseTest1 -->
