<?xml version="1.0" encoding="UTF-8"?>
<!-- Generated by org.testng.reporters.JUnitReportReporter -->
<testsuite hostname="DESKTOP-E65T190" failures="0" tests="1" name="Hands_On_Assign.Case_4" time="1.437" errors="0" timestamp="2022-08-23T15:48:45 PDT" skipped="0">
  <testcase classname="Hands_On_Assign.Case_4" name="putMethod" time="1.437"/>
  <system-out/>
</testsuite> <!-- Hands_On_Assign.Case_4 -->
