<?xml version="1.0" encoding="UTF-8"?>
<!-- Generated by org.testng.reporters.JUnitReportReporter -->
<testsuite hostname="DESKTOP-E65T190" failures="0" tests="2" name="trainingOnRestAssured.PostMethodWithJSONFile" time="1.925" errors="0" timestamp="2022-08-29T10:43:22 PDT" skipped="0">
  <testcase classname="trainingOnRestAssured.PostMethodWithJSONFile" name="postCreateJSONFileDSL" time="1.504"/>
  <system-out/>
  <testcase classname="trainingOnRestAssured.PostMethodWithJSONFile" name="postLoginJSONFileDSL" time="0.421"/>
  <system-out/>
</testsuite> <!-- trainingOnRestAssured.PostMethodWithJSONFile -->
