<?xml version="1.0" encoding="UTF-8"?>
<!-- Generated by org.testng.reporters.JUnitReportReporter -->
<testsuite hostname="DESKTOP-E65T190" failures="0" tests="1" name="trainingOnRestAssured.NewTest" time="1.987" errors="0" timestamp="2022-08-25T11:07:18 PDT" skipped="0">
  <testcase classname="trainingOnRestAssured.NewTest" name="getMediaMetadataURL" time="1.987"/>
  <system-out/>
</testsuite> <!-- trainingOnRestAssured.NewTest -->
