<?xml version="1.0" encoding="UTF-8"?>
<!-- Generated by org.testng.reporters.JUnitReportReporter -->
<testsuite hostname="Elizabeths-MacBook-Air-2.local" failures="0" tests="2" name="testRestAssured.ResponseHeaders" time="1.937" errors="0" timestamp="2022-08-17T12:46:34 PDT" skipped="1">
  <testcase classname="testRestAssured.ResponseHeaders" name="test2" time="1.937"/>
  <system-out/>
  <testcase classname="testRestAssured.ResponseHeaders" name="test1">
    <skipped/>
  </testcase> <!-- test1 -->
  <system-out/>
</testsuite> <!-- testRestAssured.ResponseHeaders -->
