<?xml version="1.0" encoding="UTF-8"?>
<!-- Generated by org.testng.reporters.JUnitReportReporter -->
<testsuite hostname="DESKTOP-E65T190" failures="0" tests="1" name="Hands_On_Assign.Case_3" time="1.600" errors="0" timestamp="2022-08-23T14:48:44 PDT" skipped="0">
  <testcase classname="Hands_On_Assign.Case_3" name="deleteMethod" time="1.600"/>
  <system-out/>
</testsuite> <!-- Hands_On_Assign.Case_3 -->
