<?xml version="1.0" encoding="UTF-8"?>
<!-- Generated by org.testng.reporters.JUnitReportReporter -->
<testsuite hostname="DESKTOP-E65T190" failures="0" tests="1" name="trainingOnRestAssured.NewsAPITest" time="2.536" errors="0" timestamp="2022-08-26T10:01:35 PDT" skipped="0">
  <testcase classname="trainingOnRestAssured.NewsAPITest" name="getMediaMetadataURL" time="2.536"/>
  <system-out/>
</testsuite> <!-- trainingOnRestAssured.NewsAPITest -->
