<?xml version="1.0" encoding="UTF-8"?>
<!-- Generated by org.testng.reporters.JUnitReportReporter -->
<testsuite hostname="DESKTOP-E65T190" failures="0" tests="1" name="extentReporst.ExtentReportClass" time="7.086" errors="0" timestamp="2022-09-07T09:26:30 PDT" skipped="0">
  <testcase classname="extentReporst.ExtentReportClass" name="YahooLogin" time="7.086"/>
  <system-out/>
</testsuite> <!-- extentReporst.ExtentReportClass -->
