<?xml version="1.0" encoding="UTF-8"?>
<!-- Generated by org.testng.reporters.JUnitReportReporter -->
<testsuite hostname="DESKTOP-E65T190" failures="0" tests="1" name="extentReporst.ExtentRportClass" time="9.317" errors="0" timestamp="2022-09-06T16:09:06 PDT" skipped="0">
  <testcase classname="extentReporst.ExtentRportClass" name="YahooLogin" time="9.317"/>
  <system-out/>
</testsuite> <!-- extentReporst.ExtentRportClass -->
