<?xml version="1.0" encoding="UTF-8"?>
<!-- Generated by org.testng.reporters.JUnitReportReporter -->
<testsuite hostname="DESKTOP-E65T190" failures="0" tests="1" name="com.automatenow.testcases.YahooLogin" time="5.086" errors="0" timestamp="2022-09-06T11:27:34 PDT" skipped="0">
  <testcase classname="com.automatenow.testcases.YahooLogin" name="testYahooLogin" time="5.086"/>
  <system-out/>
</testsuite> <!-- com.automatenow.testcases.YahooLogin -->
